World Stars 
Casillas:-6.5:0,Dimaria:-2:1,Messi:-5:-2,Xavi:-5:2,Ronaldo:-2:-1
World Stars 
Casillas:6.5:0,Dimaria:2:-1,Messi:5:2,Xavi:5:-2,Ronaldo:2:1
______________________________________________________________________________
1
2,21,100
-6.500128:-9.715557E-06,-2:1,0.7204871:0.5970337,-5.00011:2,4.78248:0.7190694
6.500041:-3.099442E-06,2:-1.000008,5.000035:2,5.000035:-2.000014,3.822888:2.082191
1.965479:1.308718
0-0
______________________________________________________________________________
2
1,91,100
-6.500164:-1.239777E-05,-2:1,0.7204877:0.5970337,-5.000141:2,4.78251:0.7190694
6.500077:-5.781651E-06,1.785508:1.344248,5.000065:2,5.000065:-2.000027,3.822906:2.082191
1.635024:2.332366
0-0
______________________________________________________________________________
3
1,20,100
-6.500203:-1.531839E-05,6.188006:3.357783,0.7204877:0.5970337,-5.000174:2,5.151268:-0.532347
6.500114:-8.702278E-06,3.072876:-0.1025401,5.372342:0.721727,5.000098:-2.00004,4.15338:0.6623778
6.824749:2.55201
0-0
______________________________________________________________________________
4
1,35,100
-6.500239:-3.33786E-05,6.222926:2.768722,0.7204877:0.5970185,-5.000206:1.999985,5.151301:-0.5323679
6.011409:-1.898875,3.163358:1.730731,6.189324:1.334984,4.988724:-2.001209,4.747091:2.756284
6.795148:2.020083
0-0
______________________________________________________________________________
5
0,8,100
2.323678:1.89827,6.15391:2.85788,6.071522:0.4567842,-5.000242:2,5.151338:-0.5323589
6.011441:-1.898874,3.582629:1.837991,6.189377:1.539947,4.988754:-2.001208,4.747124:2.756299
6.832709:2.159216
0-0
______________________________________________________________________________
6
2,43,100
1.150042:1.886938,1.985251:2.55422,6.066829:0.3364427,-5.000276:1.999985,5.151372:-0.5323801
6.011472:-1.898902,2.093153:-0.5494524,4.151102:1.499603,4.988786:-2.001237,2.747763:1.347727
6.401959:1.263114
0-0
______________________________________________________________________________
7
4,55,100
1.15005:1.886954,1.98526:2.554239,5.369561:3.240419,-5.000307:2,2.335821:-0.0298605
6.011503:-1.8989,0.7645513:-0.8718222,3.404615:0.4159416,4.988816:-2.001235,2.650235:1.360508
4.048678:2.728954
0-0
______________________________________________________________________________
8
1,47,100
0.4457124:3.335132,2.210739:3.055625,5.02843:3.425012,-5.000338:1.999985,4.654055:1.634244
6.011528:-1.898928,2.045571:1.865419,5.464962:2.360935,4.988842:-2.001262,3.825459:2.627716
4.007762:3.639971
0-0
______________________________________________________________________________
9
3,10,100
3.09748:3.04553,4.091766:2.50284,5.54537:3.355673,1.915354:2.747055,5.573074:0.7469591
6.011557:-1.898925,2.645454:1.510538,6.151247:2.238762,4.988871:-2.00126,5.116179:2.296065
4.007762:3.639971
0-0
______________________________________________________________________________
10
2,147,100
0.3324923:3.159157,1.453063:2.464335,3.58537:3.344015,-0.535884:2.501421,5.469122:0.3328595
6.011588:-1.898938,2.389225:1.173993,5.699415:1.57993,4.988901:-2.001273,2.851102:2.269727
2.462965:3.465303
0-0
______________________________________________________________________________
11
2,174,100
-2.60778:1.703826,-1.895719:-0.7539574,-1.513907:1.936147,-3.982662:0.6354656,5.469157:0.3328595
6.011621:-1.898952,2.389241:1.173994,5.699415:1.57993,4.988932:-2.001287,2.851102:2.269727
-2.004682:3.688618
0-0
______________________________________________________________________________
12
0,146,100
-2.607798:1.703826,-3.8812:-0.454048,-1.513909:1.936147,-3.982683:0.6354656,5.174757:1.59858
2.891836:0.9560666,1.441941:1.786735,5.72421:3.070277,-1.72015:-0.4486632,2.851102:2.269727
-2.004682:3.688618
0-0
______________________________________________________________________________
13
4,164,100
-3.514277:1.287966,-3.888309:-0.5478548,-2.363558:1.34246,-4.45827:0.426598,-0.3017292:3.155285
2.891836:0.9560666,-1.750066:0.3986365,5.724212:3.070277,-1.866516:-0.6748767,-1.197983:1.522677
-2.004682:3.688618
0-0
______________________________________________________________________________
14
2,176,100
-3.514299:1.287966,-3.88833:-0.5478621,-2.363577:1.34246,-4.458275:0.426598,-6.633894:2.183465
2.891836:0.9560666,-1.750076:0.3986365,-2.693279:2.485768,-1.866527:-0.6748842,-1.197992:1.522677
-6.642234:3.517056
0-0
______________________________________________________________________________
15
3,126,100
-2.804389:-0.4190458,-4.062015:-0.8993098,-2.276045:1.287154,-3.356053:1.458461,-5.90382:0.924022
2.891836:0.9560666,-1.749309:0.3979465,-1.528753:2.436344,-1.747255:-0.7697109,-1.011668:1.383832
-6.443346:3.610578
0-0
______________________________________________________________________________
16
4,158,100
-2.80439:-0.419047,-4.467826:-2.254106,-5.204762:-0.4720856,-6.292195:1.982664,-6.000002:-1.900001
2.891836:0.9560666,-1.749319:0.3979465,-5.336209:0.9680371,-1.747265:-0.7697115,-3.646054:1.483689
-6.443346:3.610578
0-0
______________________________________________________________________________
17
2,107,100
-2.73107:-0.8378352,-4.467855:-2.254106,-5.854037:2.576792,-4.752644:2.899686,-6.000006:-1.900013
2.891836:0.9560666,-1.749328:0.3979465,-3.921483:1.523852,-1.555201:-0.8865068,-2.942234:0.3470446
-5.998901:3.610578
0-0
______________________________________________________________________________
18
4,134,100
-2.731088:-0.8378363,-4.467856:-2.254106,-4.689404:-1.097864,-6.199687:3.369159,-6.000006:-1.900026
2.891836:0.9560666,-1.749338:0.3979465,-6.373646:2.304124,-1.555206:-0.8865099,-5.495301:1.642302
-6.905111:3.704576
0-0
______________________________________________________________________________
19
0,133,100
-4.15442:2.19635,-4.467856:-2.254106,-4.689436:-1.097874,-3.622638:3.267967,-6.000006:-1.90004
2.891836:0.9560666,-1.749348:0.3979465,-6.67959:2.701984,-1.555206:-0.8865099,-5.565198:2.338661
-6.915044:3.607206
0-0
______________________________________________________________________________
20
0,165,100
-5.67273:-0.04222155,-4.467856:-2.254106,-4.689468:-1.097883,-5.393517:3.273722,-6.000006:-1.900053
-4.379408:2.484921,-1.749358:0.3979465,-6.351445:2.883656,-1.555206:-0.8865099,-6.326908:1.049919
-6.915044:3.607206
0-0
______________________________________________________________________________
21
4,100,100
-4.137009:2.366107,-4.26652:-2.380953,-2.965123:-1.316016,-4.842062:3.278502,-5.105342:-1.573262
-2.662412:1.617418,-1.749368:0.3979465,-6.072918:3.434024,-1.555206:-0.8865099,-6.091767:2.393114
-6.89641:3.549424
0-0
______________________________________________________________________________
22
4,125,100
-3.905315:2.159436,-4.295496:-3.120467,-1.870337:-1.929191,-4.218424:3.365118,-5.105376:-1.573275
-2.66243:1.617418,-1.749378:0.3979465,-5.495006:3.288588,-1.366827:-0.7983795,-3.493204:-1.892174
-6.947427:1.261933
0-0
______________________________________________________________________________
23
4,124,100
-6.5:-5.960464E-08,-2:1,-5:-2,-5:2,-2:-1
6.5:-5.960464E-08,2:-1,5:2,5:-2,2:1
0:0
0-1
______________________________________________________________________________
24
2,21,100
-6.500042:-1.841784E-05,-2:0.9999849,0.7205154:0.5969893,-5.000036:1.999985,4.782348:0.7191349
6.500042:-1.847744E-05,2:-1.000024,5.000035:1.999985,5.000036:-2.00003,3.82302:2.08234
1.965726:1.307788
0-1
______________________________________________________________________________
25
4,202,100
-6.500083:-6.318092E-06,-2.299577:1.261471,-4.947861:-2.068471,-5.000071:2,4.782384:0.7191501
6.500084:-6.377697E-06,2:-1.000018,5.00007:2,5.000072:-2.000029,-3.626153:-0.9971952
-4.461166:-0.9599095
0-1
______________________________________________________________________________
26
3,281,100
-6.500126:-2.479553E-05,-2.299593:1.261456,-6.13624:-2.417291,-4.492073:-1.43763,4.782417:0.7191349
6.500126:-2.485514E-05,2:-1.000042,5.000108:1.999985,5.000109:-2.000059,-0.2102816:-2.084329
2.768191:2.287414
0-1
______________________________________________________________________________
27
1,76,100
-6.500161:-1.221895E-05,-2.299608:1.261471,-6.136255:-2.417288,-4.492093:-1.437615,4.710506:0.5489111
6.500162:-1.227856E-05,4.395353:2.715261,4.539197:1.675251,5.00014:-2.000057,-0.2102827:-2.084314
6.219144:2.071824
0-1
______________________________________________________________________________
28
4,45,100
-6.500203:-1.5378E-05,-2.299625:1.261471,-6.136255:-2.417288,-4.492093:-1.437615,4.110527:3.00716
6.500204:-1.54376E-05,2.213424:2.810149,-0.2293541:0.9957727,5.000175:-2.000071,-0.210284:-2.084314
2.58042:-2.708337
0-1
______________________________________________________________________________
29
1,274,100
-6.500243:-1.841784E-05,-2.299642:1.261471,-6.136255:-2.417288,-4.492093:-1.437615,4.110527:3.00716
6.500244:-1.847744E-05,3.038568:0.9981489,-0.2293554:0.9957727,5.00021:-2.000085,-0.2102853:-2.084314
4.089418:-3.599422
0-1
______________________________________________________________________________
30
4,269,100
-6.500288:-2.17557E-05,-2.299659:1.261471,-6.136255:-2.417288,-4.492093:-1.437615,0.8307668:1.852516
6.500288:-2.18153E-05,3.038573:0.9981489,-0.2293568:0.9957727,6.337777:-3.326804,-0.2102867:-2.084314
3.166285:-3.699422
0-1
______________________________________________________________________________
31
1,272,100
-6.500327:-3.999472E-05,-2.299675:1.261456,-6.136255:-2.417303,-4.492093:-1.43763,0.8307717:1.852501
6.500328:-4.005432E-05,3.635957:1.949303,-0.229358:0.9957575,6.337808:-3.326819,-0.2102879:-2.084329
2.897169:-3.599422
0-1
______________________________________________________________________________
32
3,344,100
-6.50037:-2.795458E-05,-2.299693:1.261471,-6.136255:-2.417288,3.075649:-0.9358822,0.830777:1.852517
6.50037:-2.801418E-05,3.635978:1.949319,-0.2293594:0.9957727,6.337808:-3.326804,5.823117:-2.143433
2.897169:-3.599422
0-1
______________________________________________________________________________
33
1,262,100
-6.50041:-3.099442E-05,-2.299709:1.261471,-6.136255:-2.417288,1.030707:-0.9907273,0.8307821:1.852517
6.50041:-3.105402E-05,3.190987:-2.631632,-0.2293606:0.9957727,6.337808:-3.326804,5.823121:-2.143434
4.575463:-3.599422
0-1
______________________________________________________________________________
34
0,342,100
4.243301:-2.421497,-2.299726:1.261471,-6.136255:-2.417288,1.030708:-0.990736,0.8307873:1.852517
6.500452:-3.421307E-05,5.246512:-3.047063,-0.2293619:0.9957727,6.507884:-3.31848,6.451195:-1.659521
4.575463:-3.599422
0-1
______________________________________________________________________________
35
0,241,100
0.9826712:-1.569738,-2.299742:1.261471,-6.136255:-2.417288,0.1962645:-0.02200764,0.8307922:1.852517
2.769271:-2.863437,5.246547:-3.047083,-0.2293632:0.9957727,6.576532:-3.253535,6.506376:0.5138558
4.575463:-3.599422
0-1
______________________________________________________________________________
36
1,325,100
1.32174:-0.4501753,0.898982:-2.086569,-6.136255:-2.417288,5.398552:-2.24549,2.457134:2.722482
2.769271:-2.863457,5.304014:-3.341229,1.123043:1.18803,6.587499:-3.319355,6.506416:0.5138558
4.575463:-3.599422
0-1
______________________________________________________________________________
37
3,187,100
1.312085:-0.3941684,-1.175635:-1.046005,-6.136255:-2.417288,5.398589:-2.245493,2.457152:2.722482
1.101612:-1.4373,-0.5333195:-2.806,1.123051:1.18803,1.719565:-2.46224,6.506456:0.5138558
-1.772087:-2.594201
0-1
______________________________________________________________________________
38
1,248,100
1.312094:-0.3941836,-4.527679:2.585063,-5.23219:-2.250485,5.398625:-2.245508,2.457169:2.722467
1.101613:-1.437315,-0.53332:-2.806035,1.123053:1.188015,1.719575:-2.462255,6.506498:0.5138406
-5.453151:2.666808
0-1
______________________________________________________________________________
39
1,132,100
1.312103:-0.3941684,-5.93495:-0.4166256,-5.232226:-2.250474,5.398664:-2.245493,2.457186:2.722482
1.101613:-1.4373,-4.25948:2.440838,1.123053:1.18803,1.719585:-2.46224,6.506539:0.5138558
-3.98728:3.632496
0-1
______________________________________________________________________________
40
2,78,100
1.312112:-0.3941684,-5.934954:-0.4166281,-4.031265:1.395633,5.398699:-2.245493,2.457204:2.722482
1.101613:-1.4373,-3.569757:3.000624,1.123053:1.18803,1.719595:-2.46224,6.506579:0.5138558
3.650828:3.710578
0-1
______________________________________________________________________________
41
0,63,100
6.172518:1.998847,-5.934954:-0.4166434,-4.031265:1.395617,5.398735:-2.245508,2.457221:2.722467
4.123694:2.628435,-3.569776:3.000609,0.3813432:0.6723654,1.719605:-2.462255,6.506618:0.5138406
3.650934:3.610578
0-1
______________________________________________________________________________
42
4,36,100
3.354854:0.7141724,-5.934954:-0.4166281,-4.031265:1.395633,5.398771:-2.245493,6.073798:1.582672
3.584362:-2.67454,-3.569797:3.000624,0.3813433:0.6723807,1.719615:-2.46224,6.000006:0.1000149
6.673059:2.828819
0-1
______________________________________________________________________________
43
0,60,100
3.283772:0.6005995,-5.934954:-0.4166281,-4.031265:1.395633,4.162166:-3.334597,5.487681:2.950325
4.16377:1.269508,-3.569817:3.000624,0.3813433:0.6723807,1.719625:-2.46224,5.175586:-1.779673
6.499141:3.245674
0-1
______________________________________________________________________________
44
3,70,100
1.823293:0.01558447,-5.934954:-0.4166281,-4.031265:1.395633,5.002858:2.208818,5.564472:3.29692
3.168314:1.343398,-3.569838:3.000624,0.3813433:0.6723807,1.719636:-2.46224,2.558656:2.706698
6.499141:3.245674
0-1
______________________________________________________________________________
45
0,29,100
1.823303:0.01558143,-5.934954:-0.4166281,-4.031265:1.395633,3.558325:-0.6360395,6.47099:2.928313
5.317273:2.528531,-3.569858:3.000624,0.3813433:0.6723807,1.719646:-2.46224,2.558673:2.7067
6.378142:1.838969
0-1
______________________________________________________________________________
46
3,41,100
1.79044:0.01478028,-5.934954:-0.4166281,-4.031265:1.395633,4.795518:3.336268,3.342535:2.81118
2.773392:-0.3599749,-3.569878:3.000624,0.3813433:0.6723807,1.719656:-2.46224,2.025266:2.540657
6.492939:2.762355
0-1
______________________________________________________________________________
47
0,40,100
1.79045:0.0147773,-5.934954:-0.4166281,-4.031265:1.395633,2.864894:3.189454,1.788909:2.469195
3.102143:1.500052,-3.569897:3.000624,0.3813433:0.6723807,1.719666:-2.46224,0.2024873:2.132332
6.706453:3.610578
0-1
______________________________________________________________________________
48
0,36,100
3.576491:1.719371,-5.934954:-0.4166281,-4.031265:1.395633,2.864894:3.189454,1.788919:2.469201
6.460495:-0.984629,-3.569917:3.000624,0.3813433:0.6723807,1.719676:-2.46224,0.2024886:2.132334
6.706453:3.610578
0-1
______________________________________________________________________________
49
3,50,100
3.576511:1.719355,-5.934954:-0.4166434,-4.031265:1.395617,2.864894:3.189439,1.788929:2.469185
6.460536:-0.9846529,-3.569938:3.000609,0.3813433:0.6723654,4.757536:0.4951752,0.2024899:2.132318
6.888961:1.236502
0-1
______________________________________________________________________________
50
0,352,100
-6.5:-5.960464E-08,-2:1,-5:-2,-5:2,-2:-1
6.5:-5.960464E-08,2:-1,5:2,5:-2,2:1
0:0
1-1
______________________________________________________________________________
51
1,154,100
-6.50004:-3.039837E-06,-5.504812:3.357224,-5.000035:-2.000014,-6.614759:2.650434,-2:-1.000008
6.50004:-3.039837E-06,-4.484309:2.250811,5.000035:2,5.000035:-2.000014,2:1
-5.137844:2.64315
1-1
______________________________________________________________________________
52
3,0,100
-6.500079:-5.960464E-06,0.9543552:1.503425,-5.000067:-2.000027,-3.302029:-0.3110743,-2:-1.000016
6.500079:-5.960464E-06,0.6204269:0.1116349,5.000067:2,5.000067:-2.000027,2:1
-0.4368423:0.6427017
1-1
______________________________________________________________________________
53
0,175,100
-6.500121:-2.44379E-05,-3.480636:3.36764,-5.000104:-2.000057,-3.30205:-0.3110938,-2.469143:-1.250642
0.2486035:-1.044182,-1.658658:-0.1959153,5.000104:1.999985,5.000104:-2.000057,-0.05656876:1.842552
-1.364784:1.357633
1-1
______________________________________________________________________________
54
3,40,100
-6.500163:-1.233816E-05,-3.480657:3.367656,-5.00014:-2.000057,1.038535:1.437329,-2.46916:-1.250638
1.703394:-1.564634,0.1565542:-0.4969974,5.253956:2.127301,5.00014:-2.000057,2.714434:-0.7192545
6.405684:-0.8319533
1-1
______________________________________________________________________________
55
1,357,100
-6.5:-5.960464E-08,-2:1,-5:-2,-5:2,-2:-1
6.5:-5.960464E-08,2:-1,5:2,5:-2,2:1
0:0
2-1
______________________________________________________________________________
56
3,159,100
-6.500042:-3.218651E-06,-3.823016:2.082364,-5.000036:-2.000015,-5.000036:2,-2:-1.000009
6.500042:-3.218651E-06,-4.78235:0.7191488,5.000036:2,-0.7205157:0.5970061,2:1
-1.965747:1.307741
2-1
______________________________________________________________________________
57
0,16,100
-1.091799:0.9031008,-3.193887:2.666127,-5.000071:-2.000044,-5.000071:1.999985,-2:-1.000033
6.500083:-2.157688E-05,1.290384:2.805046,5.326313:2.015345,0.883202:-0.3221475,2:0.9999849
3.97356:2.243444
2-1
______________________________________________________________________________
58
3,39,100
-1.0918:0.9031161,-3.193896:2.666142,-5.000103:-2.000042,-5.000103:2,-2:-1.000025
6.000003:-1.899986,1.290392:2.805062,6.713011:0.5730062,4.845833:1.52664,6.091336:2.31917
6.849912:2.200538
2-1
______________________________________________________________________________
59
0,9,100
5.465502:1.889267,-3.193896:2.666127,-5.000138:-2.000071,-5.000138:1.999985,-2:-1.000049
6.000006:-1.900014,1.290401:2.805046,6.989759:-0.4806199,6.258447:0.8686492,6.068255:2.978011
6.990113:1.081372
2-1
______________________________________________________________________________
60
3,16,100
-6.5:-5.960464E-08,-2:1,-5:-2,-5:2,-2:-1
6.5:-5.960464E-08,2:-1,5:2,5:-2,2:1
0:0
3-1
______________________________________________________________________________
61
3,159,100
-6.500042:1.204014E-05,-3.823032:2.082452,-5.000036:-1.999999,-5.000036:2.000015,-2:-0.9999937
6.500042:1.209974E-05,-4.782314:0.7191677,5.000036:2.000015,-0.7205148:0.5970215,2:1.000015
-1.965855:1.307317
3-1
______________________________________________________________________________
62
2,47,100
-6.500085:8.821487E-06,-3.823052:2.082452,2.951467:0.2676368,-5.000072:2.000015,-2:-1.000003
6.500084:8.881092E-06,-4.782351:0.7191677,5.179603:1.978759,-0.7205157:0.5970215,3.462164:-1.748872
4.308073:2.702753
3-1
______________________________________________________________________________
63
3,22,100
-6.500125:5.781651E-06,-3.823073:2.082452,2.951467:0.2676368,-5.000108:2.000015,-2:-1.000011
6.820484:-0.8216877,-4.782385:0.7191677,6.000002:3.400001,5.613603:0.8708376,3.462184:-1.748885
6.088357:2.248196
3-1
______________________________________________________________________________
64
4,21,100
-6.500165:2.741814E-06,-3.823093:2.082452,4.919128:-0.9547082,-5.000142:2.000015,5.235312:2.747401
6.820524:-0.8216887,-4.782417:0.7191677,6.580947:3.302588,6.634651:0.2218778,3.462204:-1.748899
6.088252:2.248217
3-1
______________________________________________________________________________
65
4,56,100
-6.500206:-3.576279E-07,-3.823113:2.082452,5.846632:0.7371409,-5.000176:2.000015,4.958292:1.292329
5.777099:-1.200601,-4.782451:0.7191677,6.466261:3.123081,6.000003:-2.899986,3.894247:1.880243
6.088252:2.248217
3-1
______________________________________________________________________________
66
4,40,100
-6.50025:-3.635883E-06,-3.823135:2.082452,6.000006:2.600015,-5.000215:2.000015,3.669035:-3.066805
5.7771:-1.200612,-4.782489:0.7191677,3.891349:-1.12278,6.000006:-2.900007,3.894269:1.880244
5.704604:0.8374121
3-1
______________________________________________________________________________
67
4,331,100
-6.5:-5.960464E-08,-2:1,-5:-2,-5:2,-2:-1
6.5:-5.960464E-08,2:-1,5:2,5:-2,2:1
0:0
4-1
______________________________________________________________________________
68
1,154,100
-6.50004:-3.039837E-06,-5.504819:3.357232,-5.000035:-2.000014,-6.614751:2.650427,-2:-1.000008
6.50004:-3.039837E-06,-4.48431:2.250806,5.000035:2,5.000035:-2.000014,2:1
-5.13785:2.643145
4-1
______________________________________________________________________________
69
4,131,100
-6.516019:-0.3137658,-6.633128:3.144514,-5.000067:-2.000027,-5.987491:0.7658815,-5.959776:2.279681
6.500078:-5.90086E-06,-4.766565:2.506471,5.000066:2,5.000066:-2.000027,2:1
-4.619197:-0.8500714
4-1
______________________________________________________________________________
70
4,195,100
-6.000003:-2.900002,-6.633168:3.144514,-4.333209:-2.002069,-5.987497:0.7658815,-5.959776:2.279681
6.500118:-8.940697E-06,-4.7666:2.506471,5.000101:2,5.000101:-2.000041,-5.637792:-1.520222
-3.791053:-3.384873
4-1
______________________________________________________________________________
71
4,291,100
-6.069005:-2.862738,-6.63321:3.144499,-3.584998:-1.862322,-5.727771:-1.696352,-1.09506:-3.183841
6.50016:-2.735853E-05,-4.766634:2.506456,5.000138:1.999985,5.000138:-2.000071,-4.631589:-2.955386
-3.790969:-3.384806
4-1
______________________________________________________________________________
72
0,198,100
-6.069021:-2.862743,-6.63325:3.144514,-4.813794:-1.161156,-5.727771:-1.696351,-3.763748:-2.767527
-4.11799:-0.03389019,-4.766666:2.506471,5.000172:2,5.000172:-2.00007,-4.971467:-2.979457
-4.329909:-3.604739
4-1
______________________________________________________________________________
73
2,282,100
-4.970586:-2.73484,-6.633292:3.144499,-1.401687:-1.098377,-6.377616:-1.046479,0.1329814:0.3042354
-4.117991:-0.0339058,-4.766702:2.506456,5.000207:1.999985,5.000207:-2.000099,-5.175099:-0.9656109
-2.654643:-2.133918
4-1
______________________________________________________________________________
74
3,181,100
-5.227592:-3.142184,-6.633332:3.144514,-1.678871:-0.4820037,-6.442409:-0.9094296,0.1329815:0.3042506
-4.117991:-0.03389055,-4.766737:2.506471,5.000244:2,-5.993548:-1.933397,-5.371826:-0.5595895
-4.304721:-1.737988
4-1
______________________________________________________________________________
75
0,56,100
-0.7284214:2.834562,-6.633375:3.144514,0.2630964:-0.7266001,-6.442451:-0.9094326,1.004237:0.7388721
-3.77913:2.778703,-5.265817:2.729935,5.000279:2,-5.993548:-1.933411,-5.371863:-0.5595967
4.774627:-2.258361
4-1
______________________________________________________________________________
76
1,334,100
3.538591:2.893055,-6.633418:3.144514,0.2630964:-0.7266001,-6.442494:-0.9094326,1.004237:0.7388721
0.08750243:2.631464,0.7357494:-2.719141,5.000318:2,-5.993548:-1.933426,-5.371904:-0.559604
4.774627:-2.258361
4-1
______________________________________________________________________________
77
1,335,100
3.538612:2.893055,1.782322:-0.6197329,4.054885:-2.516152,-6.442538:-0.9094326,3.050151:1.385927
0.08750243:2.631469,0.73575:-2.719163,5.000353:2,-5.993548:-1.933441,-5.371942:-0.5596112
4.77738:-2.256136
4-1
______________________________________________________________________________
78
4,351,100
3.538633:2.89304,1.782333:-0.6197551,5.593272:-2.9958,-6.44258:-0.9094479,3.050151:1.385911
0.08750243:2.631454,0.73575:-2.719199,5.000391:1.999985,-5.993548:-1.93347,5.423059:-1.426413
5.860226:-2.24542
4-1
______________________________________________________________________________
79
4,308,100
3.538651:2.89304,1.782341:-0.6197615,4.493681:-2.840275,-6.442616:-0.9094479,5.094687:-1.813698
0.08750243:2.631454,0.73575:-2.719217,5.000421:1.999985,-5.993548:-1.933483,6.318245:-3.349063
5.53208:-3.446509
4-1
______________________________________________________________________________
80
2,276,100
3.538671:2.893055,1.782351:-0.6197531,2.884824:1.142525,-6.442656:-0.9094326,4.897806:-2.632375
0.08750243:2.631469,0.73575:-2.719222,5.938169:-1.712333,-5.993548:-1.933481,6.563938:-2.583036
6.635708:-3.599422
4-1
______________________________________________________________________________
81
1,329,100
3.538692:2.893055,5.386281:-2.121579,2.884826:1.142525,-6.442696:-0.9094326,5.966572:-3.124821
0.08750243:2.631469,0.73575:-2.719242,4.580873:0.7125026,-5.993548:-1.933495,5.610946:-0.439194
6.667869:-3.522989
4-1
______________________________________________________________________________
82
1,353,100
3.538711:2.893055,5.121861:-1.784937,2.884826:1.142525,-6.442735:-0.9094326,6.605738:-0.5372998
0.08750243:2.631469,5.766423:-2.880255,4.580905:0.7125026,-5.993548:-1.933508,5.414482:-0.2244703
6.888958:-1.276527
4-1
______________________________________________________________________________
83
3,359,100
3.53873:2.893055,5.121894:-1.78495,2.884826:1.142525,5.580373:-0.4698881,6.000003:3.100016
0.08750243:2.631469,5.766423:-2.880274,4.580937:0.7125026,-5.584208:-2.933736,6.46926:0.1903804
6.314131:-1.444916
4-1
______________________________________________________________________________
84
0,327,100
3.538749:2.89304,5.205727:-2.153379,5.954126:-1.02264,6.246563:-2.088835,6.000006:3.113891
4.717181:-1.233406,5.742775:-3.085446,6.35064:0.7148459,-5.584208:-2.933771,6.000005:2.086097
6.652666:-2.749212
4-1
______________________________________________________________________________
85
2,293,100
3.538769:2.89304,5.205761:-2.153379,6.368868:-1.310998,6.287013:-2.341705,6.000006:3.113892
4.717214:-1.233416,2.295178:-3.123215,6.350672:0.7148459,-5.584208:-2.933791,6.000006:2.086098
6.00524:-3.622867
4-1
______________________________________________________________________________
86
4,271,100
3.538787:2.893055,5.217768:-2.568517,6.586076:-2.270328,6.54069:-3.308358,6.000006:3.113907
3.845281:-1.873087,2.295193:-3.123217,6.479859:-1.234813,-5.584208:-2.933793,5.124206:-1.460303
3.182133:-3.699422
4-1
______________________________________________________________________________
87
3,186,100
3.374425:3.321677,1.861609:-1.118387,6.586117:-2.270328,2.453556:-2.747622,6.000006:3.113907
-1.314344:0.62238,0.7945434:-2.714039,6.479899:-1.234823,-5.584208:-2.933813,4.083823:2.244118
1.369035:-3.477371
4-1
______________________________________________________________________________
88
0,304,100
3.374444:3.321662,2.08129:-0.853575,6.586155:-2.270343,4.801227:-2.16439,6.000006:3.113892
1.246398:-1.74728,2.363968:-3.035825,6.479938:-1.234848,-5.584208:-2.933848,4.083823:2.244102
3.16909:-3.359499
4-1
______________________________________________________________________________
89
4,246,100
3.374464:3.321677,2.081292:-0.8535599,6.586195:-2.270328,4.80126:-2.164375,3.652663:-1.157895
1.246407:-1.747278,-1.487173:-2.886637,6.479978:-1.234842,-5.584208:-2.933852,4.083823:2.244118
2.076597:-3.599422
4-1
______________________________________________________________________________
90
1,349,100
3.374484:3.321677,2.081292:-0.8535599,5.792012:-2.771762,4.631822:-1.046484,3.538568:-1.124886
1.246416:-1.747292,4.341477:-2.250344,6.000003:2.6,-5.584208:-2.933872,4.083823:2.244118
4.877291:-3.456381
4-1
______________________________________________________________________________
91
1,318,100
3.374503:3.321662,4.34239:-0.9411318,5.792012:-2.771796,6.012927:0.8286982,4.902576:1.504208
1.246423:-1.74732,5.219049:-1.684148,6.000006:2.599985,-5.584208:-2.933907,4.083823:2.244102
4.877291:-3.456381
4-1
______________________________________________________________________________
92
4,278,100
3.374523:3.321677,4.342393:-0.9411249,5.891717:-3.108476,5.630187:0.8859765,5.861478:-1.174253
0.4910488:-1.059973,5.105357:-2.168606,6.000006:2.6,-5.584208:-2.933912,2.376541:-0.7389611
4.877291:-3.456381
4-1
______________________________________________________________________________
93
1,283,100
3.374542:3.321662,2.903625:-2.129605,5.847945:-0.537006,5.734023:1.67071,3.879994:1.026307
0.4910511:-1.059997,6.255567:-2.662311,6.026282:2.749215,-5.584208:-2.933946,2.376557:-0.7389766
4.826325:-3.599422
4-1
______________________________________________________________________________
94
1,213,100
3.374562:3.321662,0.4840968:-1.362405,5.847958:-0.5370121,5.734023:1.67071,3.880015:1.026307
-1.551477:-0.4335504,0.8592418:0.4973279,6.026284:2.749215,-5.6183:-2.940975,0.8505188:2.59833
-4.944909:-2.448865
4-1
______________________________________________________________________________
95
3,201,100
3.374581:3.321677,-0.5890421:-2.489104,5.847958:-0.5370024,1.055467:-0.3031729,0.05042585:-0.9693551
-3.176973:-1.36264,-2.608585:0.8900341,6.026284:2.749231,-5.6183:-2.940978,0.8505234:2.598348
-4.944909:-2.448865
4-1
______________________________________________________________________________
96
1,235,100
3.374602:3.321662,-0.5890464:-2.48912,5.847958:-0.5370241,1.055468:-0.3031926,0.05042618:-0.9693793
-3.011421:0.9668787,-3.868954:-0.2395581,6.026284:2.749215,-3.530604:-2.189447,0.8505287:2.598332
-3.091603:-0.8884385
4-1
______________________________________________________________________________
97
2,182,100
3.374622:3.321677,-0.5890508:-2.489104,-1.891781:-1.670023,-2.527037:1.859909,-2.802363:-2.364314
-3.841585:1.020915,-3.868974:-0.239547,6.026284:2.749231,-4.235964:-2.426506,0.8505337:2.598348
-3.091603:-0.8884385
4-1
______________________________________________________________________________
98
1,321,100
3.374641:3.321677,3.848019:-1.950746,1.466125:-2.625785,-2.527054:1.859909,-2.778571:-3.297332
-3.841604:1.020915,-0.08761661:-2.598599,6.026284:2.749231,-4.235971:-2.426508,0.8505384:2.598348
0.3202064:-3.265001
4-1
______________________________________________________________________________
99
2,209,100
3.374659:3.321662,3.848037:-1.950774,-2.854194:1.131922,-2.895088:3.187083,-3.990941:-3.086771
-4.3844:1.09857,-3.866755:-1.727906,6.026284:2.749215,-5.562594:-2.233318,0.850543:2.598332
-3.69048:1.953791
4-1
______________________________________________________________________________
100
0,50,100
6.5:-5.960464E-08,2:-1,5:2,5:-2,2:1
-6.5:-5.960464E-08,-2:1,-5:-2,-5:2,-2:-1
0:0
4-1
______________________________________________________________________________
101
1,334,100
6.500037:-2.801418E-06,5.423414:-3.349277,5.000033:2,6.517733:-2.657913,2:1
-6.500037:-2.801418E-06,4.479576:-2.246232,-5.000033:-2.000013,-5.000033:2,-2:-1.000008
5.133628:-2.63773
4-1
______________________________________________________________________________
102
1,113,100
6.500071:-2.062321E-05,4.91898:2.048015,5.241808:3.074295,6.517767:-2.657945,0.08468594:3.315281
-6.500071:-2.062321E-05,1.215225:0.9897527,-5.000061:-2.00004,-5.000061:1.999985,-2:-1.00003
1.231356:2.536545
4-1
______________________________________________________________________________
103
2,36,100
6.500109:-8.285046E-06,4.919013:2.04803,5.241843:3.07431,6.517806:-2.657949,3.594783:2.226965
-6.500109:-8.285046E-06,1.36726:0.8405455,0.3150594:1.306489,-5.000094:2,1.229073:-1.916244
4.083023:0.4979222
4-1
______________________________________________________________________________
104
2,245,100
6.50015:-1.138449E-05,1.80993:-0.4440371,3.261885:-1.126487,6.517847:-2.65797,3.153914:2.246886
-6.50015:-1.138449E-05,1.36727:0.8405455,0.3150616:1.306489,-5.000129:2,0.5714797:-0.7383205
1.562236:-3.684531
4-1
______________________________________________________________________________
105
2,285,100
6.500189:-1.430511E-05,2.771992:-2.084829,3.437016:-1.070837,6.517885:-2.657989,3.153925:2.246886
-6.500189:-1.430511E-05,5.440346:-0.1848897,-1.853227:-0.9018676,-5.000162:2,1.593891:-0.427943
1.562236:-3.684531
4-1
______________________________________________________________________________
106
3,191,100
6.500229:-1.734495E-05,2.771992:-2.084829,3.437036:-1.070847,-6.83415:-0.9934306,3.153925:2.246886
-6.608192:0.1968447,5.440382:-0.1848939,-1.853237:-0.9018743,-5.000198:2,1.593891:-0.4279443
-4.452988:-2.665248
4-1
______________________________________________________________________________
107
2,214,100
6.500266:-2.014637E-05,2.771992:-2.084829,3.437055:-1.070857,-6.906251:-0.3278003,3.153925:2.246886
-6.544155:1.272931,5.440415:-0.1848978,-3.617556:-0.2764494,-5.000229:2,1.593891:-0.4279443
0.9493341:1.548375
4-1
______________________________________________________________________________
108
0,165,100
3.113303:1.868412,2.771992:-2.084829,3.437071:-1.070865,-6.906282:-0.3278003,1.605596:3.310452
-6.544187:1.272931,-0.6431059:1.800048,-3.617572:-0.2764527,-5.000257:2,-2.297393:-1.595487
-0.5840508:3.315925
4-1
______________________________________________________________________________
109
1,87,100
3.113303:1.868412,2.771992:-2.084829,3.437089:-1.070874,-6.90632:-0.3278003,1.918914:3.058784
-6.544223:1.272931,-0.381388:-2.453299,-3.61759:-0.2764566,-5.000289:2,-2.297408:-1.595499
0.7895838:3.610578
4-1
______________________________________________________________________________
110
0,144,100
-1.68523:2.361088,2.771992:-2.084829,3.437108:-1.070884,-6.000006:-0.9000016,-3.403047:-1.306114
-6.544262:1.272931,-0.381388:-2.453315,-4.669886:-0.5392361,-5.000321:2,-2.251204:-2.485614
-6.774331:-2.038477
4-1
______________________________________________________________________________
111
0,266,100
-1.685238:2.361073,2.771992:-2.084845,3.437125:-1.070907,-3.468438:-1.954444,-2.194955:-1.275898
-4.419434:-0.9328624,-0.381388:-2.45333,-2.787725:1.244762,-5.00035:1.999985,-2.251204:-2.485636
-6.77427:-2.038565
4-1
______________________________________________________________________________
112
4,189,100
-1.685248:2.361073,2.771992:-2.084845,3.437144:-1.070917,-2.256075:-2.265616,-4.940172:-1.163862
-6.000002:0.6,0.6251507:-2.374887,-2.787727:1.244762,-5.000383:1.999985,-0.8682996:-1.842824
-6.77427:-2.038565
4-1
______________________________________________________________________________
113
0,253,100
-1.685258:2.361073,2.771992:-2.084845,3.437163:-1.070926,-1.729148:-2.008818,-4.940206:-1.163872
-2.754828:-2.638486,0.6251548:-2.374889,-2.787727:1.244762,-5.000416:1.999985,-0.5234359:-1.708536
-3.53111:-1.129337
4-1
______________________________________________________________________________
114
2,180,100
-1.685266:2.361088,2.39186:-2.992332,-6.409865:0.3487839,-2.693225:-2.425756,-4.940233:-1.163865
-4.521737:-3.256575,0.6251584:-2.374874,-4.297738:3.318082,-5.000444:2,-1.775562:-3.152988
-3.53111:-1.129337
4-1
______________________________________________________________________________
115
4,131,100
-1.685275:2.361088,2.391875:-2.992351,-6.741126:1.090934,-5.162675:1.458046,-7.111275:-0.5536715
-4.521767:-3.256593,0.6251623:-2.374874,-4.281906:3.371859,-4.880894:2.491301,-4.332798:0.7346224
-6.666087:3.676853
4-1
______________________________________________________________________________
116
3,125,100
0.05539238:1.914862,2.391887:-2.992366,-6.741156:1.090934,-4.995018:1.426651,-6.000006:-0.4000022
-4.521791:-3.256608,0.6251656:-2.374874,-1.365394:2.249515,-2.583428:2.891473,-4.24212:0.5808445
-6.13731:3.027897
4-1
______________________________________________________________________________
117
4,128,100
0.05539266:1.914862,2.391902:-2.992384,-6.733963:1.06805,-6.155641:2.802935,-6.000006:-0.4000022
-4.521821:-3.256626,0.6251695:-2.374874,-1.365402:2.249515,-2.583443:2.891473,-5.035285:1.581842
-6.947584:1.698422
4-1
______________________________________________________________________________
118
4,115,100
6.5:-5.960464E-08,2:-1,5:2,5:-2,2:1
-6.5:-5.960464E-08,-2:1,-5:-2,-5:2,-2:-1
0:0
5-1
______________________________________________________________________________
119
2,21,100
6.500041:1.215935E-05,2:-0.9999933,5.000035:2.000015,5.000035:-1.999999,3.823032:2.082454
-6.500041:1.215935E-05,-2:1.000015,0.7205148:0.5970216,-5.000035:2.000015,4.782313:0.7191681
1.965858:1.307306
5-1
______________________________________________________________________________
120
0,164,100
1.091787:0.9031527,2:-1.000002,5.000068:2.000015,5.000068:-2.000013,3.19494:2.667098
-6.500081:9.179115E-06,-2:1.000015,-0.8811876:-0.3221158,-5.326794:2.015522,-1.293138:2.806714
-3.972499:2.241314
5-1
______________________________________________________________________________
121
3,9,100
1.09179:0.9031527,2:-1.00001,5.305507:1.88053,5.000103:-2.000027,4.162344:2.257267
-6.500121:6.139278E-06,-2:1.000015,-0.8811924:-0.3221164,2.628357:2.960323,3.679065:3.29327
3.377628:2.426021
5-1
______________________________________________________________________________
122
4,168,100
0.2841618:-0.357115,2:-1.000018,5.305545:1.88053,5.000139:-2.000041,-1.85556:1.521526
-6.500161:3.099442E-06,-2.983452:0.7081761,-0.8811976:-0.3221164,-2.071362:2.934552,1.814267:0.416613
-2.198452:0.660788
5-1
______________________________________________________________________________
123
0,8,100
0.62278:-0.4136548,2:-1.000026,5.389885:1.822663,5.000172:-2.000054,1.935085:3.380175
-0.8268906:0.3371305,0.6698011:0.9482185,-0.5412573:-0.8416448,-2.071362:2.934552,1.999911:0.1798294
6.07894:3.54073
5-1
______________________________________________________________________________
124
3,78,100
0.6227842:-0.4136548,2:-1.000035,4.273866:1.498947,5.06752:-0.5491503,1.935095:3.380175
-0.8268956:0.3371305,0.6698056:0.9482185,-0.541258:-0.8416492,-2.071362:2.934552,1.99992:0.1798294
5.031478:2.231936
5-1
______________________________________________________________________________
125
3,355,100
0.6227888:-0.4136548,2:-1.000044,7.479011:0.02549696,5.129017:-0.6239477,6.464379:0.6153498
-0.8269009:0.3371305,0.6698104:0.9482185,-0.541258:-0.8416492,4.739921:0.3883381,1.999931:0.1798294
5.866158:1.735747
5-1
______________________________________________________________________________
126
3,72,100
0.6227933:-0.4136701,2:-1.000068,6.000006:-1.90003,4.107244:-2.925033,6.000006:-0.4000167
-0.8269063:0.3371152,0.6698153:0.9482032,-0.541258:-0.8416644,3.458301:-1.338241,1.999942:0.1798142
5.866053:1.735729
5-1
______________________________________________________________________________
127
3,51,100
0.598597:-0.45468,2.032248:-1.237388,6.000006:-1.900028,4.107244:-2.925038,6.000006:-0.4000022
-1.021369:0.2885729,-0.03715322:0.8708028,-0.541258:-0.8416492,1.336512:0.7484847,2.167985:-0.1635588
0.6201092:0.4105423
5-1
______________________________________________________________________________
128
4,172,100
-1.01146:-0.9132986,2.032248:-1.237398,6.000006:-1.900042,4.107244:-2.925058,0.09495598:1.098825
-1.484202:0.1392816,-1.380386:1.326854,-3.232491:-1.652917,-0.07878772:3.052306,0.222365:-0.7322001
-0.402833:-0.04342562
5-1
______________________________________________________________________________
129
0,351,100
0.6325803:-2.687959,2.409448:-1.153058,6.000006:-1.900056,4.107244:-2.925078,2.28446:3.205926
5.837364:0.2660291,-1.380386:1.326855,-3.232513:-1.652931,-0.07878831:3.052306,2.51207:-3.061237
4.522778:1.770559
5-1
______________________________________________________________________________
130
2,112,100
0.6325848:-2.68798,2.409466:-1.153068,1.270228:1.3147,4.107244:-2.9251,1.021655:3.166135
5.94132:-1.931983,-1.380386:1.326855,-3.232534:-1.652945,-0.07878887:3.052306,2.512088:-3.061258
4.522686:1.770503
5-1
______________________________________________________________________________
131
2,23,100
0.6325896:-2.688017,2.409484:-1.153095,2.12262:2.823375,4.107244:-2.925137,0.8750505:2.962668
5.94132:-1.932013,-1.380386:1.32684,2.238823:0.4041559,-0.174552:3.002945,2.512107:-3.061296
4.522686:1.770503
5-1
______________________________________________________________________________
132
3,84,100
0.6325935:-2.68802,2.409499:-1.153088,2.12262:2.82339,5.569192:1.653507,0.8750551:2.962683
5.94132:-1.932011,-1.380386:1.326855,2.238837:0.4041711,-0.174552:3.00296,2.512122:-3.061299
5.523624:2.717034
5-1
______________________________________________________________________________
133
0,96,100
0.6325974:-2.688038,2.409515:-1.153098,2.12262:2.82339,4.689583:2.955283,0.8750596:2.962683
5.349961:0.5180631,-1.380386:1.326855,2.238838:0.4041711,-0.174552:3.00296,2.512138:-3.061317
4.589317:3.710061
5-1
______________________________________________________________________________
134
1,65,100
0.6326019:-2.688059,4.776214:1.18249,1.888259:3.118118,2.626364:2.395621,0.8566808:2.955254
5.298552:-0.09194589,-1.380386:1.326855,1.322864:0.5245895,-0.1754219:3.002727,2.512156:-3.061338
4.576475:3.69393
5-1
______________________________________________________________________________
135
0,101,100
0.6326061:-2.688093,2.842116:1.594659,1.888268:3.118103,1.252652:1.145651,0.8566856:2.955239
4.234499:3.104268,-1.380386:1.32684,0.5993323:-0.3907682,-0.1754219:3.002712,2.512173:-3.061372
6.670449:3.610578
5-1
______________________________________________________________________________
136
0,46,100
4.628924:2.534159,2.842119:1.594659,1.888279:3.118103,1.25266:1.145651,0.8566906:2.955239
2.947174:2.940203,-1.380386:1.32684,0.5993366:-0.3907686,-0.1754219:3.002712,2.51219:-3.061392
4.759292:3.610578
5-1
______________________________________________________________________________
137
1,20,100
5.418577:2.376364,4.500463:0.4827754,3.481741:3.333881,4.204511:-1.200125,1.588665:0.4913018
4.62782:3.081525,3.898729:2.089966,0.5993409:-0.3907686,-0.1754219:3.002712,2.512206:-3.061411
5.196048:3.598201
5-1
______________________________________________________________________________
138
4,40,100
END
World Stars  5:1 World Stars 
