World Stars 
Casillas:-6.5:0,Dimaria:-2:1,Messi:-5:-2,Xavi:-5:2,Ronaldo:-2:-1
Name of Your Team
R. Ahmadi:6.5:0,E. Hajisafi:2:-1,M. Karimi:5:2,M. Navidkia:5:-2,H. Aghili:2:1
______________________________________________________________________________
1
1,334,100
-6.500247:-1.871586E-05,4.479888:-2.246448,-5.000214:-2.000086,-5.000214:2,-2:-1.000051
6.500149:-1.126528E-05,5.423496:-3.349234,5.000127:2,6.517749:-2.657676,2:1
5.133912:-2.637941
0-0
______________________________________________________________________________
2
1,123,100
-6.500325:-3.98159E-05,1.095999:1.063933,-5.000279:-2.000128,-5.000279:1.999985,-2:-1.000083
6.500226:-3.236532E-05,2.92238:2.161321,5.000195:1.999985,6.517828:-2.65773,-0.09346415:3.067538
1.891227:1.034203
0-0
______________________________________________________________________________
3
3,353,100
-6.500402:-3.045797E-05,6.444379:0.06604433,-5.000347:-2.00014,2.973649:1.07587,-2:-1.000084
7.638702:-0.3736645,3.327088:2.438627,5.000261:2,6.517907:-2.657754,-0.09346422:3.067554
6.002902:1.590863
0-0
______________________________________________________________________________
4
2,0,100
-6.5:-5.960464E-08,-2:1,-5:-2,-5:2,-2:-1
6.5:-5.960464E-08,2:-1,5:2,5:-2,2:1
0:0
1-0
______________________________________________________________________________
5
4,180,100
-6.000003:-3.400002,-5.281142:-0.6493431,-5.000067:-2.000027,-5.400684:2.740129,-2:-1.000016
6.500079:-6.020069E-06,2:-1.000016,5.000067:2,5.000067:-2.000027,-4.800355:1
0:0
1-0
______________________________________________________________________________
6
1,7,100
-6.000006:-3.400019,4.24999:3.057252,-5.000136:-2.000071,-5.400757:2.740114,4.083913:-3.31896
6.500161:-2.741814E-05,2:-1.000049,5.000138:1.999985,5.000137:-2.000071,-4.800422:0.9999849
0:0
1-0
______________________________________________________________________________
7
0,180,100
-6.5:-5.960464E-08,-2:1,-5:-2,-5:2,-2:-1
6.5:-5.960464E-08,2:-1,5:2,5:-2,2:1
0:0
1-1
______________________________________________________________________________
8
2,21,100
-6.500075:-5.722046E-06,-2:1,0.7205132:0.5970084,-5.000065:2,4.782378:0.7191415
6.500077:-5.841255E-06,2:-1.000016,5.000065:2,5.000065:-2.000027,3.82302:2.082345
1.965705:1.307871
1-1
______________________________________________________________________________
9
4,180,100
-6.500152:-1.15037E-05,-2:1,0.7205138:0.5970084,-5.859171:1.768958,4.782442:0.7191415
6.500155:-1.174212E-05,2:-1.000032,5.00013:2,5.000132:-2.000054,-2.959633:2.316829
1.965777:1.307948
1-1
______________________________________________________________________________
10
0,8,100
0.166236:0.2312638,5.222806:3.340174,1.662352:0.6198653,-5.859171:1.768958,4.808727:0.7304546
6.500233:-1.764297E-05,2:-1.000049,5.270868:1.826292,5.0002:-2.000081,-2.959633:2.316829
4.389089:-0.02999933
1-1
______________________________________________________________________________
11
4,0,100
0.166238:0.2312447,6.610911:2.980077,1.662371:0.61985,-5.859171:1.768942,3.525439:-0.1464877
6.500309:-3.862381E-05,2:-1.00008,5.012804:0.8322951,5.000265:-2.000123,4.848175:2.754974
3.163875:-1.337796
1-1
______________________________________________________________________________
12
1,231,100
0.1662401:0.231256,2.804479:-1.253275,1.66239:0.6198653,-5.859171:1.768958,1.725816:-1.511231
6.500382:-2.896786E-05,-0.7276263:-2.715765,3.249665:-3.11547,5.217736:-2.193014,4.848238:2.754989
3.068314:-2.212533
1-1
______________________________________________________________________________
13
3,180,100
0.1662423:0.2312521,1.510661:0.3256478,0.631528:2.257993,-5.859171:1.768958,-1.382676:-0.3450722
6.500457:-3.457069E-05,-2.224664:-1.329714,0.6994443:-2.664899,-0.3153965:-1.420297,4.8483:2.754989
-0.827872:-3.46182
1-1
______________________________________________________________________________
14
1,238,100
0.08442514:0.7262063,-0.08002636:-0.5677118,0.6315366:2.257993,-5.859171:1.768958,-1.382676:-0.3450731
6.500537:-4.065037E-05,-2.224678:-1.329714,0.4975346:-3.008958,-6.772195:-0.1163576,4.848369:2.754989
-0.8279141:-3.461723
1-1
______________________________________________________________________________
15
3,0,100
0.9747212:0.9955514,5.146554:-1.104174,0.6315449:2.257993,-5.859171:1.768958,1.739298:-0.3233964
6.500616:-4.661083E-05,-2.224678:-1.329714,0.4975395:-3.008997,-0.289173:0.1282901,4.848436:2.754989
-0.8279141:-3.461723
1-1
______________________________________________________________________________
16
0,247,100
0.5356976:0.7591478,5.146618:-1.104193,0.6315529:2.257993,-5.859171:1.768958,2.032987:-0.1351138
6.500689:-5.209446E-05,-5.073952:-3.316978,0.0720913:-3.059932,-3.010172:-1.175405,4.848497:2.754989
-0.8279141:-3.461723
1-1
______________________________________________________________________________
17
2,180,100
0.5356981:0.7591478,5.146688:-1.104212,0.631561:2.257993,-5.859171:1.768958,2.032987:-0.1351218
6.500764:-5.781651E-05,-4.74809:-2.785523,-6.661059:-0.7230862,-3.010174:-1.175424,4.848562:2.754989
-6.76445:0.8429036
1-1
______________________________________________________________________________
18
1,171,100
-4.398495:2.999918,-2.042137:-1.453608,0.6315692:2.257993,-5.859171:1.768958,-1.308777:0.4373509
6.500842:-6.365776E-05,-4.748154:-2.785561,-6.661136:-0.7230862,-3.073999:-1.177667,4.848626:2.754989
-6.76445:0.8429036
1-1
______________________________________________________________________________
19
4,180,100
-4.398495:2.999904,-2.042137:-1.453623,-6.24272:0.317701,-6.553478:2.139656,-1.308794:0.4373357
6.500918:-8.46982E-05,-4.74822:-2.785615,-6.661214:-0.7231015,-3.074004:-1.177702,-3.067539:2.490933
-6.811677:0.8579307
1-1
______________________________________________________________________________
20
0,221,100
-2.464939:-2.223738,-1.88393:-1.140347,-6.376357:0.3687654,-5.422449:1.101282,-1.308811:0.4373357
6.500995:-9.047985E-05,-4.748283:-2.785654,-6.451834:-0.9929984,-3.074004:-1.177721,-3.067555:2.490934
-6.844548:1.038229
1-1
______________________________________________________________________________
21
0,180,100
-6.5:-5.960464E-08,-2:1,-5:-2,-5:2,-2:-1
6.5:-5.960464E-08,2:-1,5:2,5:-2,2:1
0:0
1-2
______________________________________________________________________________
22
1,334,100
-6.500071:9.894371E-06,4.479596:-2.246242,-5.000061:-2.00001,-5.000062:2.000015,-2:-0.9999999
6.500072:9.775162E-06,5.423442:-3.349268,5.000061:2.000015,6.517758:-2.657897,2:1.000015
5.133595:-2.637774
1-2
______________________________________________________________________________
23
0,237,100
-6.500153:3.695488E-06,-1.569702:2.431247,-5.000132:-2.000038,-5.000134:2.000015,-2:-1.000017
4.18577:-1.764849,5.760026:-3.343261,5.000132:2.000015,6.537801:-2.636381,2:1.000015
2.005692:-3.388531
1-2
______________________________________________________________________________
24
3,323,100
-6.500231:-2.264977E-06,-1.569704:2.431253,-5.000201:-2.000066,3.685863:0.0889563,1.876927:-0.9857185
4.18577:-1.764876,5.760026:-3.343261,5.000201:2.000015,6.537877:-2.63642,2:1.000015
2.005692:-3.388531
1-2
______________________________________________________________________________
25
1,180,100
-6.50031:-8.225441E-06,-1.569704:2.431253,-5.000268:-2.000093,3.685903:0.08895028,1.876947:-0.9857351
4.18577:-1.764903,-5.662209:-3.130034,5.000268:2.000015,6.537956:-2.636459,2:1.000015
-6.678843:-3.359702
1-2
______________________________________________________________________________
26
4,195,100
-6.500389:-1.41263E-05,-1.569704:2.431253,-4.073641:-0.5931908,3.685943:0.08894432,-4.60564:-2.143777
4.18577:-1.764929,-6.188434:-1.95827,5.000336:2.000015,6.538034:-2.636498,2:1.000015
-6.947712:-1.280813
1-2
______________________________________________________________________________
27
2,180,100
-6.500469:-3.546476E-05,-5.100128:3.167442,-4.073641:-0.59322,3.685983:0.08892298,-4.605706:-2.143792
4.18577:-1.764972,-6.188438:-1.958313,-3.339088:2.825651,6.538114:-2.636554,1.155199:-0.558937
-6.947712:-1.280813
1-2
______________________________________________________________________________
28
3,187,100
-6.5:-5.960464E-08,-2:1,-5:-2,-5:2,-2:-1
6.5:-5.960464E-08,2:-1,5:2,5:-2,2:1
0:0
1-3
______________________________________________________________________________
29
1,334,100
-6.500071:-5.424023E-06,4.479628:-2.246273,-5.000062:-2.000026,-5.000062:2,-2:-1.000015
6.500071:-5.424023E-06,5.423518:-3.349347,5.000062:2,6.517725:-2.657838,2:1
5.133694:-2.637701
1-3
______________________________________________________________________________
30
1,123,100
-6.500148:-1.120567E-05,1.095291:1.063322,-5.000127:-2.000051,-5.000127:2,-2:-1.000031
6.500148:-1.120567E-05,2.922446:2.162304,5.000127:2,6.517799:-2.657875,-0.09315396:3.067276
1.891396:1.034509
1-3
______________________________________________________________________________
31
1,358,100
-6.5:-5.960464E-08,-2:1,-5:-2,-5:2,-2:-1
6.5:-5.960464E-08,2:-1,5:2,5:-2,2:1
0:0
2-3
______________________________________________________________________________
32
1,180,100
-6.000003:-0.3999848,-2:1,-5.400633:-2.74008,-5.000066:2,-5.542844:0.787648
6.500077:-5.841255E-06,-4.800355:-1.000017,5.000066:2,5.000066:-2.000027,2:1
0:0
2-3
______________________________________________________________________________
33
3,339,100
-6.000006:-0.3999848,5.490829:-1.291558,-5.400703:-2.740118,0.7204819:-0.5971137,-5.542846:0.787648
6.500154:-1.162291E-05,-4.800421:-1.000033,5.000132:2,5.830631:-2.351636,2:1
3.549877:-2.190847
2-3
______________________________________________________________________________
34
0,180,100
-6.194401:-0.2907646,5.490896:-1.291577,-5.912476:-3.083514,-4.870549:-2.184366,-5.542846:0.787648
-1.822025:0.2150108,-5.146689:-0.7830884,5.000198:2,5.830634:-2.351645,1.248198:2.384422
3.549877:-2.190847
2-3
______________________________________________________________________________
35
4,342,100
-6.194409:-0.2907727,5.490967:-1.291596,-5.912484:-3.083554,-4.870615:-2.184366,1.830659:-2.609617
5.766523:0.3143814,-5.146758:-0.7830884,5.000265:2,5.830634:-2.351645,1.248215:2.384422
3.549877:-2.190847
2-3
______________________________________________________________________________
36
2,237,100
-6.194409:-0.290781,5.491042:-1.291617,-5.912484:-3.083594,-4.870683:-2.184366,-2.665882:2.618264
5.766529:0.3143813,-5.146829:-0.7830884,0.9284534:-1.860441,5.830634:-2.351645,1.248233:2.384422
3.549776:-2.190877
2-3
______________________________________________________________________________
37
3,0,100
-6.194409:-0.2907892,6.555888:-0.2302814,-5.912484:-3.083633,3.446874:-2.842711,-2.665917:2.61827
5.669837:0.4774224,-5.146898:-0.7830884,5.42382:-1.239859,5.830634:-2.351645,1.248249:2.384422
6.394659:-3.433798
2-3
______________________________________________________________________________
38
2,303,100
-6.194409:-0.290796,6.555954:-0.2302883,-5.912484:-3.083666,3.446907:-2.842744,-2.665946:2.61827
5.669837:0.4774224,-5.146956:-0.7830884,6.281201:-1.301217,6.540005:-2.420817,1.248263:2.384422
6.848716:-3.557768
2-3
______________________________________________________________________________
39
0,346,100
-1.215569:-0.8410115,6.55603:-0.2302961,-5.912484:-3.083703,5.047742:-2.759318,-2.66598:2.61827
5.669837:0.4774224,3.533681:-2.687522,6.281205:-1.301236,6.540082:-2.420817,1.248279:2.384422
6.848716:-3.557768
2-3
______________________________________________________________________________
40
1,0,100
-1.215582:-0.8410275,6.591606:0.04933548,-5.912484:-3.08375,5.903043:-3.420717,-2.666008:2.618255
5.637162:0.514373,3.338334:-2.907053,5.971554:-0.9184899,6.383686:-1.919671,1.248293:2.384407
6.644623:-3.668869
2-3
______________________________________________________________________________
41
4,326,100
-1.215598:-0.8410122,6.748479:0.4589138,-5.912484:-3.083771,6.612751:-2.449854,4.777128:-2.063232
5.574767:0.6482946,3.33837:-2.907074,5.714365:-0.395123,6.744431:-0.8055007,1.248308:2.384422
5.77674:-3.431719
2-3
______________________________________________________________________________
42
1,0,100
-1.215613:-0.8410122,6.000006:-2.400001,-5.912484:-3.083806,5.364531:-1.524895,4.613314:-0.1423328
5.785385:2.599732,4.652421:-2.770882,5.613626:0.9868001,6.960906:-0.1985736,1.248323:2.384422
6.589844:-3.56213
2-3
______________________________________________________________________________
43
4,301,100
-1.215626:-0.8410275,6.42627:-2.86934,-5.912484:-3.083853,5.587541:-1.962173,4.94488:-0.9584148
5.785389:2.599724,3.97325:-1.808647,5.613626:0.9867849,5.298099:-3.050536,1.248336:2.384407
6.631263:-3.608405
2-3
______________________________________________________________________________
44
4,0,100
-1.215642:-0.8410122,6.42627:-2.869362,-5.912484:-3.083876,5.587541:-1.962184,4.944943:-0.9584153
5.807178:3.425377,3.973289:-1.808658,5.613626:0.9868001,5.298166:-3.050558,1.031502:1.555629
6.631263:-3.608405
2-3
______________________________________________________________________________
45
2,358,100
-1.215656:-0.8410122,6.605963:-2.418929,4.07435:-3.415475,5.655482:-1.766065,4.945001:-0.9584291
5.807178:3.425377,3.973322:-1.80868,5.613626:0.9868001,5.551172:-2.904554,1.031504:1.555629
6.823911:-3.473828
2-3
______________________________________________________________________________
46
2,303,100
-1.42695:-0.5343823,6.606044:-2.418942,4.074357:-3.415476,5.655482:-1.766093,4.945074:-0.9584465
5.807178:3.425377,3.973363:-1.808708,-0.4348812:-1.27364,5.551172:-2.904595,1.031504:1.555629
6.823911:-3.473828
2-3
______________________________________________________________________________
47
1,282,100
-1.426951:-0.5344085,4.607963:-2.565622,1.300324:-2.778331,5.50264:-1.368189,4.511278:-0.2682182
5.807178:3.425362,3.873104:-1.755134,-0.4348857:-1.273673,2.830796:-3.185893,1.031504:1.555614
4.809454:-3.599422
2-3
______________________________________________________________________________
48
3,0,100
-1.426951:-0.5344043,5.807766:-0.5064421,1.30034:-2.778352,7.053164:0.01776147,4.511338:-0.2682105
5.807178:3.425377,3.487221:-1.441652,-0.4348903:-1.273677,3.820184:-2.63648,1.031504:1.555629
4.14264:-3.563249
2-3
______________________________________________________________________________
49
4,263,100
-1.426951:-0.5344154,5.347042:1.137933,-0.9361921:-2.573049,5.407123:-0.682099,4.452282:-1.309515
5.807178:3.425377,0.7167724:-3.199855,-0.4348949:-1.273695,2.748309:-1.906189,1.031504:1.555629
4.14264:-3.563249
2-3
______________________________________________________________________________
50
2,0,100
-1.426951:-0.5344431,6.381756:2.350311,-0.9362022:-2.573104,6.672445:-0.8619739,4.452284:-1.30955
5.807178:3.425362,0.7167729:-3.199911,5.540034:0.6341856,2.981951:-2.135244,1.031504:1.555614
4.14264:-3.563249
2-3
______________________________________________________________________________
51
2,349,100
-1.426951:-0.5344392,6.381832:2.350329,4.635184:-2.796742,6.744302:-0.8540939,5.702548:-0.6038817
5.807178:3.425377,6.062134:-3.309953,5.540034:0.6342009,3.783561:0.02786136,1.031504:1.555629
6.872574:-2.553757
2-3
______________________________________________________________________________
52
2,303,100
-1.426951:-0.5344501,6.350271:2.545604,4.635244:-2.796778,6.460785:-0.4801208,5.354348:-0.1139887
5.709545:3.394436,6.501063:-3.198084,6.423245:1.491187,3.783597:0.02785593,1.031504:1.555629
6.872038:-2.523469
2-3
______________________________________________________________________________
53
4,303,100
-1.426951:-0.5344622,6.350271:2.545604,2.752867:-2.821568,1.554764:2.958881,4.847863:-2.664433
5.709545:3.394436,6.37301:-2.388989,6.423282:1.491187,3.783638:0.02784985,1.031504:1.555629
6.51594:-1.368649
2-3
______________________________________________________________________________
54
1,57,100
-6.5:-5.960464E-08,-2:1,-5:-2,-5:2,-2:-1
6.5:-5.960464E-08,2:-1,5:2,5:-2,2:1
0:0
3-3
______________________________________________________________________________
55
1,180,100
-6.000003:2.6,-2:1,-5.400625:-2.740075,-5.000068:2,-5.542752:0.7875937
6.500081:-6.079674E-06,-4.800353:-1.000017,5.000066:2,5.000068:-2.000028,2:1
0:0
3-3
______________________________________________________________________________
56
4,352,100
-6.000006:2.599985,4.567782:3.131176,-5.400696:-2.740129,-5.000137:1.999985,3.468552:-3.313199
6.500159:-2.729893E-05,-4.80042:-1.000049,5.000134:1.999985,5.000136:-2.000071,2:0.9999849
0:0
3-3
______________________________________________________________________________
57
3,180,100
-6.000006:2.599985,4.567843:3.131176,-4.891728:-2.51878,-5.000206:1.999985,3.468591:-3.313199
6.50024:-3.343821E-05,-5.276023:-0.07992524,5.000203:1.999985,-5.958318:-1.389785,2:0.9999849
0:0
3-3
______________________________________________________________________________
58
4,137,100
-6.374419:2.577744,4.567851:3.131191,-4.891794:-2.518803,-6.063298:0.5642779,-5.524601:1.682727
6.500317:-2.396107E-05,-5.280934:-0.5067083,5.000269:2,-5.958334:-1.38977,2:1
-5.900755:3.252325
3-3
______________________________________________________________________________
59
0,180,100
-6.374488:2.577744,4.567851:3.131191,-4.891857:-2.518841,-6.554791:1.212171,-5.524601:1.682727
-5.700754:-1.471962,-6.902998:-0.4745946,5.000335:2,-6.614959:-1.984682,1.248515:2.384026
-5.900755:3.252325
3-3
______________________________________________________________________________
60
1,180,100
-6.374488:2.577744,-5.468578:0.2489506,-4.891926:-2.518882,-6.554871:1.212171,-5.524601:1.682727
-5.700756:-1.471963,-6.903078:-0.4746066,5.000402:2,-6.615037:-1.984709,-4.447349:-0.8380965
-5.900755:3.252325
3-3
______________________________________________________________________________
61
2,180,100
-6.544136:2.984314,-4.967736:-0.1005121,-4.891983:-2.518931,-6.292025:0.2111561,-6.496119:1.655534
-5.700756:-1.471978,-6.819804:-0.7972143,-5.610206:2.487795,-6.615106:-1.984748,-4.216344:-1.038937
-5.778702:3.336606
3-3
______________________________________________________________________________
62
1,104,100
-6.252884:2.535333,-4.955029:1.418059,-4.892042:-2.518951,-6.292037:0.2111677,-6.539847:1.388227
-5.700756:-1.471963,-6.819872:-0.797199,-3.274235:3.203061,-6.615175:-1.984756,-4.216344:-1.038936
-4.079726:3.609593
3-3
______________________________________________________________________________
63
1,57,100
-5.873822:3.03748,-2.535971:2.674768,-4.892103:-2.518957,-3.995536:2.81044,-6.665236:1.114587
-5.700756:-1.471963,-4.544675:1.805407,-1.311939:2.546552,-6.615245:-1.984781,-4.216344:-1.038951
-4.079726:3.609593
3-3
______________________________________________________________________________
64
4,43,100
-6.639141:1.656507,-1.806766:2.531039,-4.89217:-2.518957,-2.678996:3.263183,-2.97052:2.125394
-5.700756:-1.471963,0.9911832:1.14323,-0.3544027:2.499174,-6.615324:-1.984808,-4.216344:-1.038967
-3.952904:3.032436
3-3
______________________________________________________________________________
65
1,180,100
-6.63922:1.656507,-1.693398:2.367013,-4.892237:-2.518957,-2.69465:2.93519,-4.141516:3.117445
-5.700756:-1.471963,-3.004493:0.2465422,-0.3544027:2.499174,-6.615403:-1.984836,-2.628031:-2.094662
-4.999188:3.545296
3-3
______________________________________________________________________________
66
1,161,100
-6.60668:0.8694993,-5.522391:1.800796,-4.892299:-2.518972,-5.196788:3.295002,-6.612469:2.746417
-5.700756:-1.471978,-3.0045:0.2465268,-0.3544027:2.499158,-6.615475:-1.984876,-2.628063:-2.094678
-6.568438:1.733506
3-3
______________________________________________________________________________
67
3,57,100
-6.134394:1.788619,-5.253708:2.36392,-4.892365:-2.518957,-5.135649:3.40601,-6.665454:3.433907
-2.355671:2.021562,0.6722468:1.324616,-0.3544027:2.499174,-4.800406:1.119697,-2.628098:-2.094662
-6.471653:2.564183
3-3
______________________________________________________________________________
68
2,108,100
-6.244781:1.852028,-4.84421:2.110544,-6.219689:0.7845728,-4.705212:3.39271,-6.356315:3.335748
-2.355695:2.021546,0.6722534:1.324601,-0.3544027:2.499158,-4.75542:1.021757,-2.628124:-2.094678
-6.836383:2.524901
3-3
______________________________________________________________________________
69
4,180,100
-6.244805:1.852043,-4.844283:2.110559,-6.219702:0.784588,-4.705281:3.392726,-6.356368:3.335763
-2.355731:2.021562,0.6722631:1.324616,-0.3544027:2.499174,-4.755492:1.021772,6.159246:-2.094662
-6.836383:2.524901
3-3
______________________________________________________________________________
70
0,132,100
-4.877395:1.423215,-2.624686:1.371708,-6.219702:0.784588,-1.001894:3.251649,-3.790251:2.058398
-1.190048:1.562719,0.6722707:1.324616,-0.2493172:2.453539,-4.373257:0.283705,6.159246:-2.094662
-6.547716:1.807913
3-3
______________________________________________________________________________
71
2,180,100
-6.135911:0.8321868,-4.334071:0.699743,-6.000003:-1.900001,-4.466436:2.130354,-5.517069:1.716459
-3.262725:-1.43743,0.6722787:1.324616,-3.503762:1.485997,-5.38148:-0.3721642,6.159246:-2.094662
-6.5477:1.807808
3-3
______________________________________________________________________________
72
3,188,100
-5.724496:1.075669,-4.334089:0.699743,-6.000006:-1.900026,-4.932748:2.991406,-6.136226:2.120351
-3.262762:-1.43743,0.6722873:1.324616,-3.503798:1.485997,-4.580502:-0.3291656,6.159246:-2.094662
-6.892671:2.219082
3-3
______________________________________________________________________________
73
2,180,100
-6.799259:0.3102325,-5.94124:-0.6976371,-6.285434:-3.176286,-4.795526:2.642101,-5.734589:1.304288
-3.262799:-1.43743,0.6722955:1.324616,-2.570919:2.156474,-5.334175:-2.278339,6.159246:-2.094662
-6.627833:2.683925
3-3
______________________________________________________________________________
74
3,179,100
-6.799334:0.3102325,-5.94124:-0.6976371,-6.285465:-3.176322,-1.99801:3.37121,-5.734589:1.304288
-3.262837:-1.43743,0.6723036:1.324616,-0.6530934:1.589044,-5.334243:-2.27834,6.159246:-2.094662
-6.947427:1.304207
3-3
______________________________________________________________________________
75
4,180,100
-6.000006:2.6,-6.932987:-0.6633772,-6.589649:-3.00365,-1.998029:3.37121,-5.734589:1.304288
-5.515106:-0.353635,0.6723122:1.324616,-0.653102:1.589044,-5.517924:-2.152126,-5.39937:-3.26317
-6.855749:1.438742
3-3
______________________________________________________________________________
76
2,94,100
-6.000006:2.6,-4.936223:0.7295936,-5.806457:-1.752229,-1.998047:3.37121,-4.812903:2.146935
-3.57739:-0.2196097,0.6723202:1.324616,-0.6531098:1.589044,-4.961283:-2.385183,-5.061106:-3.416907
-6.840762:-2.145812
3-3
______________________________________________________________________________
77
0,180,100
-6.553087:2.990652,-6.53967:1.945408,-5.806457:-1.752255,-1.998066:3.37121,-4.625374:2.688164
0.2515332:0.6281054,1.363106:1.184394,0.6788902:2.849774,-4.96135:-2.385185,-5.061173:-3.416907
-6.840778:-2.145916
3-3
______________________________________________________________________________
78
2,200,100
-6.305101:3.237682,-6.259702:1.694659,-4.131591:-2.030869,-1.998085:3.37121,-4.625437:2.688164
0.2515333:0.6281054,1.363123:1.184394,0.678899:2.849774,0.350285:-3.403786,-4.618317:-3.228936
-4.944815:-1.05482
3-3
______________________________________________________________________________
79
4,123,100
-6.305101:3.237682,-6.259702:1.694659,-4.131591:-2.030895,-0.005918078:2.546788,-4.625502:2.688164
0.2515333:0.6281054,1.36314:1.184394,1.469204:2.647478,0.350285:-3.403788,-1.569493:2.003529
-4.944745:-1.054899
3-3
______________________________________________________________________________
80
0,288,100
-3.355446:-0.7926216,-5.50161:0.5723119,-2.984474:-2.342012,-0.005918078:2.546791,-4.624506:2.69757
0.2515333:0.6281054,1.363159:1.184394,1.469205:2.647478,0.350285:-3.403788,-1.569494:2.003529
-4.94268:1.982783
3-3
______________________________________________________________________________
81
3,180,100
-3.355488:-0.7926216,-5.501687:0.5723119,-2.984483:-2.342012,-0.005918078:2.546791,-4.624574:2.69757
0.2515333:0.6281054,1.363178:1.184394,1.469205:2.647478,2.883795:-3.403788,-1.569494:2.003529
-4.94268:1.982783
3-3
______________________________________________________________________________
82
3,186,100
-3.355526:-0.7926216,-6.190566:-0.3840286,-2.984483:-2.342012,-4.228868:2.920519,-6.040865:2.720244
0.2515333:0.6281054,1.363195:1.184394,1.469205:2.647478,2.883795:-3.403788,-5.951509:1.467916
-5.858815:3.626513
3-3
______________________________________________________________________________
83
1,180,100
-5.796036:-2.435327,-6.190585:-0.3840286,-2.984483:-2.342012,-5.307752:3.333184,-6.311889:2.679147
-4.808155:-0.2580987,-3.795312:3.316165,1.469205:2.647478,2.883795:-3.403788,-5.951517:1.467916
-6.018491:3.659914
3-3
______________________________________________________________________________
84
3,156,100
-5.796036:-2.435333,-6.190585:-0.3840286,-2.645904:-2.757903,-4.862411:2.889948,-3.592304:0.7838342
-3.731233:-1.999706,-3.795349:3.316165,1.469205:2.647478,2.883795:-3.403788,-2.897072:-0.4694219
-5.495881:2.071034
3-3
______________________________________________________________________________
85
2,180,100
-6.5:-5.960464E-08,-2:1,-5:-2,-5:2,-2:-1
6.5:-5.960464E-08,2:-1,5:2,5:-2,2:1
0:0
3-4
______________________________________________________________________________
86
0,0,100
4.291949:0.002876759,-0.6702725:3.403785,-5.000065:-2.000027,-5.000066:2,-0.6890879:-3.377454
6.011382:-1.898866,2.40687:-1.717332,5.000066:2,4.988692:-2.001166,2.409798:1.724882
5.262925:-0.04088879
3-4
______________________________________________________________________________
87
3,57,100
2.933482:1.359703,-0.6702812:3.403785,-5.000131:-2.000053,-5.000132:2,-0.6890879:-3.377454
2.538643:-0.7494714,1.928332:-1.984772,3.984073:2.897084,6.237117:1.452325,1.728916:2.36003
6.267363:0.1924648
3-4
______________________________________________________________________________
88
0,341,100
-6.5:-5.960464E-08,-2:1,-5:-2,-5:2,-2:-1
6.5:-5.960464E-08,2:-1,5:2,5:-2,2:1
0:0
4-4
______________________________________________________________________________
89
3,180,100
-6.539137:0.05600214,-2:1.000015,-6.239419:-0.9714653,-5.00007:2.000015,-2:-1.000002
6.500082:9.059906E-06,1.114425:0.4531224,5.00007:2.000015,-4.577328:-2.088411,2.040132:1.101976
0:0
4-4
______________________________________________________________________________
90
1,334,100
-6.539216:0.05599618,5.395449:-1.404516,-6.239419:-0.9714822,-5.000139:2.000015,-2:-1.000018
6.500161:3.099442E-06,2.201307:1.04078,5.332191:2.104478,-4.577394:-2.088411,4.124498:1.928275
3.025854:-0.6268645
4-4
______________________________________________________________________________
91
4,237,100
-6.539295:0.05599022,5.395522:-1.404519,-6.239419:-0.9714988,-5.008617:2.008524,-4.349793:1.20197
6.500239:-2.861023E-06,2.201307:1.04078,5.332263:2.104478,-4.577458:-2.088411,-1.586636:0.5579284
0.275772:1.261044
4-4
______________________________________________________________________________
92
1,153,100
-6.539373:0.05598426,-2.12128:-0.2633026,-6.239419:-0.9715153,-5.367196:2.247252,-4.753177:1.12298
6.500318:-8.821487E-06,-1.335302:0.6907786,5.332335:2.104478,-4.577523:-2.088411,-3.776299:0.7812859
0.2757525:1.26094
4-4
______________________________________________________________________________
93
1,0,100
-6.539448:0.0559786,-2.121282:-0.2633104,-6.239419:-0.9715309,-5.367266:2.247253,-4.753239:1.12298
6.654936:-1.041901,4.637583:0.5085916,5.332401:2.104478,-4.577584:-2.088411,-3.776336:0.7812859
4.00171:1.695542
4-4
______________________________________________________________________________
94
4,3,100
-6.539525:0.05597281,-0.7495003:-2.210509,-6.239419:-0.9715468,-5.367335:2.247253,0.374533:2.512522
6.655011:-1.041916,4.637645:0.5085916,5.831851:2.212332,-4.577648:-2.088411,4.685265:2.091693
5.335749:1.494457
4-4
______________________________________________________________________________
95
1,0,100
-6.842646:0.01201606,-0.7495013:-2.21051,-6.239419:-0.9715639,-5.367408:2.247253,0.374533:2.512523
6.655093:-1.041934,-5.769806:0.5519565,5.831851:2.212332,-4.577713:-2.088411,4.685334:2.091697
5.335749:1.494457
4-4
______________________________________________________________________________
96
2,12,100
-6.842725:0.01199484,-0.7495013:-2.210525,6.73039:0.5281119,-5.367479:2.247237,0.374533:2.512507
6.655173:-1.041965,-5.769806:0.5519413,6.110643:2.658205,-4.577778:-2.088426,5.262361:3.364324
6.398678:1.76767
4-4
______________________________________________________________________________
97
3,0,100
-6.842806:0.01200396,4.812994:-2.518745,6.73047:0.5281272,-5.367551:2.247253,0.374533:2.512523
6.655253:-1.041967,-5.769806:0.5519565,6.110647:2.65822,2.144655:-1.780447,5.262434:3.36434
6.398678:1.76767
4-4
______________________________________________________________________________
98
2,105,100
-6.842877:0.01199853,4.813056:-2.518783,6.703143:0.2374557,-5.367619:2.247253,0.374533:2.512523
6.655327:-1.041982,-5.769806:0.5519565,6.091446:3.093156,2.144655:-1.780472,1.224283:1.401708
6.369195:2.384008
4-4
______________________________________________________________________________
99
3,0,100
-6.842957:0.01199251,1.905879:-0.749911,5.431588:1.227511,-5.367689:2.247253,0.374533:2.512523
6.000006:-3.400004,-5.769806:0.5519565,6.091446:3.093156,6.102395:0.0417617,1.2243:1.401708
6.369195:2.384008
4-4
______________________________________________________________________________
100
2,50,100
6.5:-5.960464E-08,2:-1,5:2,5:-2,2:1
-6.5:-5.960464E-08,-2:1,-5:-2,-5:2,-2:-1
0:0
4-4
______________________________________________________________________________
101
2,0,100
6.539141:0.05598718,2:-1.000018,5.000072:2,6.239429:-0.9714608,2:1
-6.500085:-6.437302E-06,-2.040129:1.101969,4.434414:-2.088417,-5.000072:2,-1.114456:0.4530614
0:0
4-4
______________________________________________________________________________
102
1,154,100
6.53922:0.05598122,-2.841511:1.436819,5.00014:2,6.239429:-0.9714769,2:1
-6.500163:-1.233816E-05,-5.437916:3.352844,4.434459:-2.088418,-6.620339:2.346324,-4.765265:1.988891
-3.506224:1.811537
4-4
______________________________________________________________________________
103
4,0,100
6.539295:0.05596024,2.693993:-0.5127654,5.260077:2.026411,6.239429:-0.971508,4.608646:1.18211
-6.500239:-3.33786E-05,-5.437984:3.352829,4.434459:-2.088433,-6.620415:2.346309,1.179581:3.212831
4.102297:2.286283
4-4
______________________________________________________________________________
104
1,63,100
6.000006:-2.900003,3.909063:-1.774306,5.2101:2.56773,6.302508:-1.28541,6.338316:0.4253521
-6.500315:-2.384186E-05,-5.438053:3.352844,4.522837:-3.42122,-6.62049:2.346324,1.179596:3.212846
5.251623:-1.719868
4-4
______________________________________________________________________________
105
2,57,100
3.534956:-2.918797,3.540601:-1.428555,5.167904:3.24727,5.98896:1.447058,4.845509:1.054697
-6.500389:-2.944469E-05,-5.438118:3.352844,4.21545:2.559754,-6.620564:2.346324,1.179612:3.212846
5.457082:2.517131
4-4
______________________________________________________________________________
106
4,67,100
3.534993:-2.918849,3.540638:-1.428571,5.181026:3.39417,5.820472:0.6712202,3.057939:1.799459
-6.500463:-5.024672E-05,-5.438187:3.352829,1.424167:1.358658,-6.620636:2.346309,1.179627:3.212831
6.847951:1.472214
4-4
______________________________________________________________________________
107
2,0,100
3.535031:-2.918872,3.540676:-1.428555,3.473358:2.587535,6.000006:3.400001,1.423161:0.7305216
-6.500539:-4.076958E-05,-5.438255:3.352844,5.546961:0.3080324,-6.620713:2.346324,1.179643:3.212846
6.847951:1.472214
4-4
______________________________________________________________________________
108
0,52,100
3.462707:2.997448,2.645176:1.755569,2.100676:2.88639,5.774578:2.56442,1.423162:0.7305064
-6.500609:-6.133318E-05,-5.438321:3.352829,5.546961:0.3080172,-6.620783:2.346309,1.036781:3.206265
4.383058:2.572427
4-4
______________________________________________________________________________
109
2,123,100
0.602245:2.662678,2.60347:1.693962,-0.02709839:0.8607333,5.774578:2.564435,1.056909:-1.049322
-6.500686:-5.191565E-05,-5.43839:3.352844,3.468282:2.329206,-6.620861:2.346324,-0.4943878:3.394118
6.874179:-2.943525
4-4
______________________________________________________________________________
110
4,342,100
0.6022527:2.662678,2.603503:1.693962,-0.02709867:0.8607333,5.774578:2.564435,4.19193:-1.691868
-6.50076:-5.745888E-05,-5.438457:3.352844,3.468318:2.329206,-6.620934:2.346324,-0.4943924:3.394118
6.888958:-1.311619
4-4
______________________________________________________________________________
111
4,0,100
5.030262:-0.6371344,6.135587:-1.148242,-0.02709896:0.8607333,6.324108:2.598593,4.191942:-1.691893
-6.500832:-6.29425E-05,-5.438523:3.352844,4.995806:2.755682,-6.621006:2.346324,4.190164:1.830375
6.871794:-1.551388
4-4
______________________________________________________________________________
112
1,332,100
5.030325:-0.6371472,2.162403:-1.470085,-0.02709925:0.8607333,6.233952:3.311467,-0.3548061:-1.66388
-6.500908:-6.866455E-05,-5.438593:3.352844,3.817623:2.759317,-6.621082:2.346324,4.183118:1.730519
6.742558:1.609362
4-4
______________________________________________________________________________
113
3,0,100
5.030388:-0.6371598,2.567048:-1.905408,1.51089:-1.043178,6.431699:3.385874,-0.3548062:-1.663904
-6.500981:-7.420778E-05,-4.721485:1.960406,5.328637:3.15352,3.870644:2.709793,4.235219:1.684278
6.742558:1.609362
4-4
______________________________________________________________________________
114
1,40,100
3.819975:0.9828265,6.135545:2.127544,1.510892:-1.043194,6.40715:3.297406,-0.3548062:-1.66393
-6.501058:-8.004904E-05,-4.721551:1.960406,5.015372:2.593401,3.468171:3.022846,4.06292:1.990295
6.742558:1.609362
4-4
______________________________________________________________________________
115
1,0,100
4.133061:0.5766611,6.610671:2.179114,1.510892:-1.043209,6.552537:3.346139,-0.3548062:-1.663955
-6.501132:-8.565187E-05,4.623374:2.111386,5.567949:2.975022,3.468207:3.022846,6.1428:0.815437
6.916587:0.3578108
4-4
______________________________________________________________________________
116
1,280,100
6.5:-5.960464E-08,2:-1,5:2,5:-2,2:1
-6.5:-5.960464E-08,-2:1,-5:-2,-5:2,-2:-1
0:0
4-5
______________________________________________________________________________
117
2,201,100
6.500078:-2.115965E-05,2:-1.000032,-0.7205101:-0.5970489,5.000066:-2.000042,-4.782362:-0.7191622
-6.500078:-2.115965E-05,-2:0.9999849,-5.000066:-2.000042,-5.000066:1.999985,-3.82302:-2.082417
-1.965794:-1.307597
4-5
______________________________________________________________________________
118
4,0,100
6.500156:-1.180172E-05,2:-1.000033,-0.7205101:-0.5970466,5.82318:-1.769803,-4.782425:-0.7191471
-6.500156:-1.180172E-05,-2:1,-5.000134:-2.000054,-5.000134:2,2.872426:-2.316121
-1.965866:-1.307674
4-5
______________________________________________________________________________
119
2,209,100
6.500231:-1.752377E-05,2:-1.000048,-6.334183:-0.4543207,5.82318:-1.769829,-4.782489:-0.7191471
-6.744294:1.097109,-2:1,-6.000003:3.100016,-5.0002:2,2.87243:-2.316121
-6.795586:-1.884213
4-5
______________________________________________________________________________
120
3,237,100
END
World Stars  4:5 Name of Your Team
